C:\USERS\DELL\DOCUMENTS\VISUAL STUDIO 2010\PROJECTS\HIREGAUGE\HIREGAUGE\RELEASE\.NETFRAMEWORK,VERSION=V4.0.ASSEMBLYATTRIBUTES.OBJ
C:\USERS\DELL\DOCUMENTS\VISUAL STUDIO 2010\PROJECTS\HIREGAUGE\HIREGAUGE\RELEASE\ADMIN.OBJ
C:\USERS\DELL\DOCUMENTS\VISUAL STUDIO 2010\PROJECTS\HIREGAUGE\HIREGAUGE\RELEASE\ADMINDASHBOARD.OBJ
C:\USERS\DELL\DOCUMENTS\VISUAL STUDIO 2010\PROJECTS\HIREGAUGE\HIREGAUGE\RELEASE\ADMINLOGIN.OBJ
C:\USERS\DELL\DOCUMENTS\VISUAL STUDIO 2010\PROJECTS\HIREGAUGE\HIREGAUGE\RELEASE\APP.RES
C:\USERS\DELL\DOCUMENTS\VISUAL STUDIO 2010\PROJECTS\HIREGAUGE\HIREGAUGE\RELEASE\ASSEMBLYINFO.OBJ
C:\USERS\DELL\DOCUMENTS\VISUAL STUDIO 2010\PROJECTS\HIREGAUGE\HIREGAUGE\RELEASE\ASSESSMENT.OBJ
C:\USERS\DELL\DOCUMENTS\VISUAL STUDIO 2010\PROJECTS\HIREGAUGE\HIREGAUGE\RELEASE\ASSESSMENTEDITOR.OBJ
C:\USERS\DELL\DOCUMENTS\VISUAL STUDIO 2010\PROJECTS\HIREGAUGE\HIREGAUGE\RELEASE\ASSESSMENTVIEWER.OBJ
C:\USERS\DELL\DOCUMENTS\VISUAL STUDIO 2010\PROJECTS\HIREGAUGE\HIREGAUGE\RELEASE\CANDIDATE.OBJ
C:\USERS\DELL\DOCUMENTS\VISUAL STUDIO 2010\PROJECTS\HIREGAUGE\HIREGAUGE\RELEASE\CANDIDATE_PROFILE.OBJ
C:\USERS\DELL\DOCUMENTS\VISUAL STUDIO 2010\PROJECTS\HIREGAUGE\HIREGAUGE\RELEASE\CANDIDATEDASHBOARD.OBJ
C:\USERS\DELL\DOCUMENTS\VISUAL STUDIO 2010\PROJECTS\HIREGAUGE\HIREGAUGE\RELEASE\CANDIDATELOGIN.OBJ
C:\Users\DELL\Documents\Visual Studio 2010\Projects\HireGauge\HireGauge\Release\cl.command.1.tlog
C:\Users\DELL\Documents\Visual Studio 2010\Projects\HireGauge\HireGauge\Release\CL.read.1.tlog
C:\Users\DELL\Documents\Visual Studio 2010\Projects\HireGauge\HireGauge\Release\CL.write.1.tlog
C:\USERS\DELL\DOCUMENTS\VISUAL STUDIO 2010\PROJECTS\HIREGAUGE\HIREGAUGE\RELEASE\COMPOSE.OBJ
C:\USERS\DELL\DOCUMENTS\VISUAL STUDIO 2010\PROJECTS\HIREGAUGE\HIREGAUGE\RELEASE\CREATEJOBOPENING.OBJ
C:\USERS\DELL\DOCUMENTS\VISUAL STUDIO 2010\PROJECTS\HIREGAUGE\HIREGAUGE\RELEASE\EMPLOYER.OBJ
C:\USERS\DELL\DOCUMENTS\VISUAL STUDIO 2010\PROJECTS\HIREGAUGE\HIREGAUGE\RELEASE\EMPLOYER_PROFILE.OBJ
C:\USERS\DELL\DOCUMENTS\VISUAL STUDIO 2010\PROJECTS\HIREGAUGE\HIREGAUGE\RELEASE\EMPLOYERDASHBOARD.OBJ
C:\USERS\DELL\DOCUMENTS\VISUAL STUDIO 2010\PROJECTS\HIREGAUGE\HIREGAUGE\RELEASE\EMPLOYERLOGIN.OBJ
C:\Users\DELL\Documents\Visual Studio 2010\Projects\HireGauge\HireGauge\Release\HireGauge.AdminDashboard.resources
C:\Users\DELL\Documents\Visual Studio 2010\Projects\HireGauge\HireGauge\Release\HireGauge.AdminLogin.resources
C:\Users\DELL\Documents\Visual Studio 2010\Projects\HireGauge\HireGauge\Release\HireGauge.AssessmentEditor.resources
C:\Users\DELL\Documents\Visual Studio 2010\Projects\HireGauge\HireGauge\Release\HireGauge.AssessmentViewer.resources
C:\Users\DELL\Documents\Visual Studio 2010\Projects\HireGauge\HireGauge\Release\HireGauge.Candidate_Profile.resources
C:\Users\DELL\Documents\Visual Studio 2010\Projects\HireGauge\HireGauge\Release\HireGauge.CandidateDashboard.resources
C:\Users\DELL\Documents\Visual Studio 2010\Projects\HireGauge\HireGauge\Release\HireGauge.CandidateLogin.resources
C:\Users\DELL\Documents\Visual Studio 2010\Projects\HireGauge\HireGauge\Release\HireGauge.Compose.resources
C:\Users\DELL\Documents\Visual Studio 2010\Projects\HireGauge\HireGauge\Release\HireGauge.CreateJobOpening.resources
C:\Users\DELL\Documents\Visual Studio 2010\Projects\HireGauge\HireGauge\Release\HireGauge.Employer_Profile.resources
C:\Users\DELL\Documents\Visual Studio 2010\Projects\HireGauge\HireGauge\Release\HireGauge.EmployerDashboard.resources
C:\Users\DELL\Documents\Visual Studio 2010\Projects\HireGauge\HireGauge\Release\HireGauge.EmployerLogin.resources
C:\USERS\DELL\DOCUMENTS\VISUAL STUDIO 2010\PROJECTS\HIREGAUGE\HIREGAUGE\RELEASE\HIREGAUGE.EXE.INTERMEDIATE.MANIFEST
C:\Users\DELL\Documents\Visual Studio 2010\Projects\HireGauge\HireGauge\Release\HireGauge.JobExplorer.resources
C:\Users\DELL\Documents\Visual Studio 2010\Projects\HireGauge\HireGauge\Release\HireGauge.LoginAs.resources
C:\Users\DELL\Documents\Visual Studio 2010\Projects\HireGauge\HireGauge\Release\HireGauge.ManageCandidates.resources
C:\Users\DELL\Documents\Visual Studio 2010\Projects\HireGauge\HireGauge\Release\HireGauge.ManageEmployers.resources
C:\Users\DELL\Documents\Visual Studio 2010\Projects\HireGauge\HireGauge\Release\HireGauge.ManageJobApplications.resources
C:\Users\DELL\Documents\Visual Studio 2010\Projects\HireGauge\HireGauge\Release\HireGauge.ManageJobOpenings.resources
C:\Users\DELL\Documents\Visual Studio 2010\Projects\HireGauge\HireGauge\Release\HireGauge.ManagePracticeMaterial.resources
C:\Users\DELL\Documents\Visual Studio 2010\Projects\HireGauge\HireGauge\Release\HireGauge.MyApplications.resources
C:\Users\DELL\Documents\Visual Studio 2010\Projects\HireGauge\HireGauge\Release\HireGauge.MyMailbox.resources
C:\Users\DELL\Documents\Visual Studio 2010\Projects\HireGauge\HireGauge\Release\HireGauge.MyResults.resources
C:\USERS\DELL\DOCUMENTS\VISUAL STUDIO 2010\PROJECTS\HIREGAUGE\HIREGAUGE\RELEASE\HIREGAUGE.OBJ
C:\USERS\DELL\DOCUMENTS\VISUAL STUDIO 2010\PROJECTS\HIREGAUGE\HIREGAUGE\RELEASE\HIREGAUGE.PCH
C:\Users\DELL\Documents\Visual Studio 2010\Projects\HireGauge\HireGauge\Release\HireGauge.PracticeMaterial.resources
C:\Users\DELL\Documents\Visual Studio 2010\Projects\HireGauge\HireGauge\Release\HireGauge.ResourceViewer.resources
C:\Users\DELL\Documents\Visual Studio 2010\Projects\HireGauge\HireGauge\Release\HireGauge.Signup.resources
C:\Users\DELL\Documents\Visual Studio 2010\Projects\HireGauge\HireGauge\Release\HireGauge.UpdateCredentials.resources
C:\Users\DELL\Documents\Visual Studio 2010\Projects\HireGauge\HireGauge\Release\HireGauge.vcxproj.GenerateResource.Cache
C:\Users\DELL\Documents\Visual Studio 2010\Projects\HireGauge\HireGauge\Release\HireGauge.vcxprojResolveAssemblyReference.cache
C:\Users\DELL\Documents\Visual Studio 2010\Projects\HireGauge\HireGauge\Release\HireGauge.write.1.tlog
C:\USERS\DELL\DOCUMENTS\VISUAL STUDIO 2010\PROJECTS\HIREGAUGE\HIREGAUGE\RELEASE\JOBEXPLORER.OBJ
C:\Users\DELL\Documents\Visual Studio 2010\Projects\HireGauge\HireGauge\Release\link.command.1.tlog
C:\Users\DELL\Documents\Visual Studio 2010\Projects\HireGauge\HireGauge\Release\link.read.1.tlog
C:\Users\DELL\Documents\Visual Studio 2010\Projects\HireGauge\HireGauge\Release\link.write.1.tlog
C:\Users\DELL\Documents\Visual Studio 2010\Projects\HireGauge\HireGauge\Release\link-cvtres.read.1.tlog
C:\Users\DELL\Documents\Visual Studio 2010\Projects\HireGauge\HireGauge\Release\link-cvtres.write.1.tlog
C:\USERS\DELL\DOCUMENTS\VISUAL STUDIO 2010\PROJECTS\HIREGAUGE\HIREGAUGE\RELEASE\MANAGECANDIDATES.OBJ
C:\USERS\DELL\DOCUMENTS\VISUAL STUDIO 2010\PROJECTS\HIREGAUGE\HIREGAUGE\RELEASE\MANAGEEMPLOYERS.OBJ
C:\USERS\DELL\DOCUMENTS\VISUAL STUDIO 2010\PROJECTS\HIREGAUGE\HIREGAUGE\RELEASE\MANAGEJOBAPPLICATIONS.OBJ
C:\USERS\DELL\DOCUMENTS\VISUAL STUDIO 2010\PROJECTS\HIREGAUGE\HIREGAUGE\RELEASE\MANAGEJOBOPENINGS.OBJ
C:\USERS\DELL\DOCUMENTS\VISUAL STUDIO 2010\PROJECTS\HIREGAUGE\HIREGAUGE\RELEASE\MANAGEPRACTICEMATERIAL.OBJ
C:\Users\DELL\Documents\Visual Studio 2010\Projects\HireGauge\HireGauge\Release\mt.command.1.tlog
C:\Users\DELL\Documents\Visual Studio 2010\Projects\HireGauge\HireGauge\Release\mt.read.1.tlog
C:\Users\DELL\Documents\Visual Studio 2010\Projects\HireGauge\HireGauge\Release\mt.write.1.tlog
C:\USERS\DELL\DOCUMENTS\VISUAL STUDIO 2010\PROJECTS\HIREGAUGE\HIREGAUGE\RELEASE\MYAPPLICATIONS.OBJ
C:\USERS\DELL\DOCUMENTS\VISUAL STUDIO 2010\PROJECTS\HIREGAUGE\HIREGAUGE\RELEASE\MYMAILBOX.OBJ
C:\USERS\DELL\DOCUMENTS\VISUAL STUDIO 2010\PROJECTS\HIREGAUGE\HIREGAUGE\RELEASE\MYRESULTS.OBJ
C:\USERS\DELL\DOCUMENTS\VISUAL STUDIO 2010\PROJECTS\HIREGAUGE\HIREGAUGE\RELEASE\PERSON.OBJ
C:\USERS\DELL\DOCUMENTS\VISUAL STUDIO 2010\PROJECTS\HIREGAUGE\HIREGAUGE\RELEASE\PRACTICEMATERIAL.OBJ
C:\USERS\DELL\DOCUMENTS\VISUAL STUDIO 2010\PROJECTS\HIREGAUGE\HIREGAUGE\RELEASE\QUESTION.OBJ
C:\Users\DELL\Documents\Visual Studio 2010\Projects\HireGauge\HireGauge\Release\rc.command.1.tlog
C:\Users\DELL\Documents\Visual Studio 2010\Projects\HireGauge\HireGauge\Release\rc.read.1.tlog
C:\Users\DELL\Documents\Visual Studio 2010\Projects\HireGauge\HireGauge\Release\rc.write.1.tlog
C:\USERS\DELL\DOCUMENTS\VISUAL STUDIO 2010\PROJECTS\HIREGAUGE\HIREGAUGE\RELEASE\RESOURCEVIEWER.OBJ
C:\USERS\DELL\DOCUMENTS\VISUAL STUDIO 2010\PROJECTS\HIREGAUGE\HIREGAUGE\RELEASE\SIGNUP.OBJ
C:\USERS\DELL\DOCUMENTS\VISUAL STUDIO 2010\PROJECTS\HIREGAUGE\HIREGAUGE\RELEASE\STDAFX.OBJ
C:\USERS\DELL\DOCUMENTS\VISUAL STUDIO 2010\PROJECTS\HIREGAUGE\HIREGAUGE\RELEASE\UPDATECREDENTIALS.OBJ
C:\USERS\DELL\DOCUMENTS\VISUAL STUDIO 2010\PROJECTS\HIREGAUGE\HIREGAUGE\RELEASE\VC100.PDB
C:\USERS\DELL\DOCUMENTS\VISUAL STUDIO 2010\PROJECTS\HIREGAUGE\RELEASE\HIREGAUGE.EXE
C:\USERS\DELL\DOCUMENTS\VISUAL STUDIO 2010\PROJECTS\HIREGAUGE\RELEASE\HIREGAUGE.PDB
